<?xml version="1.0" encoding="UTF-8"?>
<!-- Generated by org.testng.reporters.JUnitXMLReporter -->
<testsuite ignored="1" hostname="LTIN264270" failures="0" tests="2" name="Test" time="120.444" errors="0" timestamp="2024-03-25T14:54:01 IST">
  <testcase classname="TestCase.Tc_1TravelInsuranceRunner" name="travelInsurance" time="81.597"/>
  <testcase classname="TestCase.Tc_3HealthInsuranceRunner" name="healthInsurance" time="7.273"/>
  <testcase classname="TestCase.Tc_2CarInsuranceRunner" name="carInsurance" time="0.0">
    <ignored/>
  </testcase> <!-- carInsurance -->
</testsuite> <!-- Test -->
